<?xml version="1.0" encoding="UTF-8"?>
<!-- Generated by org.testng.reporters.JUnitXMLReporter -->
<testsuite hostname="Sirishas-MacBook-Air.local" ignored="0" name="Regression_TermsAndConditionsPageTest" tests="7" failures="2" timestamp="11 Jun 2019 18:41:00 GMT" time="46.04" errors="0">
  <testcase name="acceptTcBodyTest" time="0.596" classname="com.qa.appyParking.tests.TermsAndConditionsPageTest"/>
  <testcase name="acceptTcClickTest" time="1.098" classname="com.qa.appyParking.tests.TermsAndConditionsPageTest"/>
  <testcase name="newsLettersBody" time="0.197" classname="com.qa.appyParking.tests.TermsAndConditionsPageTest"/>
  <testcase name="newsLettersClickTest" time="0.847" classname="com.qa.appyParking.tests.TermsAndConditionsPageTest"/>
  <testcase name="registerUserTest" time="3.45" classname="com.qa.appyParking.tests.TermsAndConditionsPageTest"/>
  <testcase name="validateTnCBodyTest" time="0.596" classname="com.qa.appyParking.tests.TermsAndConditionsPageTest">
    <failure type="java.lang.AssertionError" message="The following asserts failed:
	Terms &amp;amp; Conditions body not matched expected [By registering, you agree to our Terms of Service, Data Usage and Privacy Policy.

This includes using the app safely and in accordance with the road safety laws of the country where you are driving.] but found [Check parking availability across town in the app and pay with just One Click.]">
      <![CDATA[java.lang.AssertionError: The following asserts failed:
Terms & Conditions body not matched expected [By registering, you agree to our Terms of Service, Data Usage and Privacy Policy.

This includes using the app safely and in accordance with the road safety laws of the country where you are driving.] but found [Check parking availability across town in the app and pay with just One Click.]
at com.qa.appyParking.tests.TermsAndConditionsPageTest.validateTnCBodyTest(TermsAndConditionsPageTest.java:56)
... Removed 26 stack frames]]>
    </failure>
  </testcase> <!-- validateTnCBodyTest -->
  <testcase name="validateTnCHeaderTest" time="0.201" classname="com.qa.appyParking.tests.TermsAndConditionsPageTest">
    <failure type="java.lang.AssertionError" message="The following asserts failed:
	Terms &amp;amp; Conditions body not matched expected [By registering, you agree to our Terms of Service, Data Usage and Privacy Policy.

This includes using the app safely and in accordance with the road safety laws of the country where you are driving.] but found [Check parking availability across town in the app and pay with just One Click.],
	Terms &amp;amp; Conditions header text not matched expected [Terms &amp;amp; Conditions] but found [Enjoy hassle-free parking in Harrogate]">
      <![CDATA[java.lang.AssertionError: The following asserts failed:
Terms & Conditions body not matched expected [By registering, you agree to our Terms of Service, Data Usage and Privacy Policy.

This includes using the app safely and in accordance with the road safety laws of the country where you are driving.] but found [Check parking availability across town in the app and pay with just One Click.],
Terms & Conditions header text not matched expected [Terms & Conditions] but found [Enjoy hassle-free parking in Harrogate]
at com.qa.appyParking.tests.TermsAndConditionsPageTest.validateTnCHeaderTest(TermsAndConditionsPageTest.java:47)
... Removed 26 stack frames]]>
    </failure>
  </testcase> <!-- validateTnCHeaderTest -->
</testsuite> <!-- Regression_TermsAndConditionsPageTest -->
