<html>
<head>
<title>TestNG:  Regression_TermsAndConditionsPageTest</title>
<link href="../testng.css" rel="stylesheet" type="text/css" />
<link href="../my-testng.css" rel="stylesheet" type="text/css" />

<style type="text/css">
.log { display: none;} 
.stack-trace { display: none;} 
</style>
<script type="text/javascript">
<!--
function flip(e) {
  current = e.style.display;
  if (current == 'block') {
    e.style.display = 'none';
    return 0;
  }
  else {
    e.style.display = 'block';
    return 1;
  }
}

function toggleBox(szDivId, elem, msg1, msg2)
{
  var res = -1;  if (document.getElementById) {
    res = flip(document.getElementById(szDivId));
  }
  else if (document.all) {
    // this is the way old msie versions work
    res = flip(document.all[szDivId]);
  }
  if(elem) {
    if(res == 0) elem.innerHTML = msg1; else elem.innerHTML = msg2;
  }

}

function toggleAllBoxes() {
  if (document.getElementsByTagName) {
    d = document.getElementsByTagName('div');
    for (i = 0; i < d.length; i++) {
      if (d[i].className == 'log') {
        flip(d[i]);
      }
    }
  }
}

// -->
</script>

</head>
<body>
<h2 align='center'>Regression_TermsAndConditionsPageTest</h2><table border='1' align="center">
<tr>
<td>Tests passed/Failed/Skipped:</td><td>5/2/0</td>
</tr><tr>
<td>Started on:</td><td>Tue Jun 11 19:40:09 BST 2019</td>
</tr>
<tr><td>Total time:</td><td>46 seconds (46040 ms)</td>
</tr><tr>
<td>Included groups:</td><td></td>
</tr><tr>
<td>Excluded groups:</td><td></td>
</tr>
</table><p/>
<small><i>(Hover the method name to see the test class name)</i></small><p/>
<table width='100%' border='1' class='invocation-failed'>
<tr><td colspan='4' align='center'><b>FAILED TESTS</b></td></tr>
<tr><td><b>Test method</b></td>
<td width="30%"><b>Exception</b></td>
<td width="10%"><b>Time (seconds)</b></td>
<td><b>Instance</b></td>
</tr>
<tr>
<td title='com.qa.appyParking.tests.TermsAndConditionsPageTest.validateTnCBodyTest()'><b>validateTnCBodyTest</b><br>Test class: com.qa.appyParking.tests.TermsAndConditionsPageTest</td>
<td><div><pre>java.lang.AssertionError: The following asserts failed:
	Terms &amp; Conditions body not matched expected [By registering, you agree to our Terms of Service, Data Usage and Privacy Policy.

This includes using the app safely and in accordance with the road safety laws of the country where you are driving.] but found [Check parking availability across town in the app and pay with just One Click.]
	at com.qa.appyParking.tests.TermsAndConditionsPageTest.validateTnCBodyTest(TermsAndConditionsPageTest.java:56)
... Removed 26 stack frames</pre></div><a href='#' onClick='toggleBox("stack-trace61137731", this, "Click to show all stack frames", "Click to hide stack frames")'>Click to show all stack frames</a>
<div class='stack-trace' id='stack-trace61137731'><pre>java.lang.AssertionError: The following asserts failed:
	Terms &amp; Conditions body not matched expected [By registering, you agree to our Terms of Service, Data Usage and Privacy Policy.

This includes using the app safely and in accordance with the road safety laws of the country where you are driving.] but found [Check parking availability across town in the app and pay with just One Click.]
	at org.testng.asserts.SoftAssert.assertAll(SoftAssert.java:43)
	at com.qa.appyParking.tests.TermsAndConditionsPageTest.validateTnCBodyTest(TermsAndConditionsPageTest.java:56)
	at sun.reflect.NativeMethodAccessorImpl.invoke0(Native Method)
	at sun.reflect.NativeMethodAccessorImpl.invoke(NativeMethodAccessorImpl.java:62)
	at sun.reflect.DelegatingMethodAccessorImpl.invoke(DelegatingMethodAccessorImpl.java:43)
	at java.lang.reflect.Method.invoke(Method.java:498)
	at org.testng.internal.MethodInvocationHelper.invokeMethod(MethodInvocationHelper.java:124)
	at org.testng.internal.Invoker.invokeMethod(Invoker.java:583)
	at org.testng.internal.Invoker.invokeTestMethod(Invoker.java:719)
	at org.testng.internal.Invoker.invokeTestMethods(Invoker.java:989)
	at org.testng.internal.TestMethodWorker.invokeTestMethods(TestMethodWorker.java:125)
	at org.testng.internal.TestMethodWorker.run(TestMethodWorker.java:109)
	at org.testng.TestRunner.privateRun(TestRunner.java:648)
	at org.testng.TestRunner.run(TestRunner.java:505)
	at org.testng.SuiteRunner.runTest(SuiteRunner.java:455)
	at org.testng.SuiteRunner.runSequentially(SuiteRunner.java:450)
	at org.testng.SuiteRunner.privateRun(SuiteRunner.java:415)
	at org.testng.SuiteRunner.run(SuiteRunner.java:364)
	at org.testng.SuiteRunnerWorker.runSuite(SuiteRunnerWorker.java:52)
	at org.testng.SuiteRunnerWorker.run(SuiteRunnerWorker.java:84)
	at org.testng.TestNG.runSuitesSequentially(TestNG.java:1208)
	at org.testng.TestNG.runSuitesLocally(TestNG.java:1137)
	at org.testng.TestNG.runSuites(TestNG.java:1049)
	at org.testng.TestNG.run(TestNG.java:1017)
	at org.testng.remote.AbstractRemoteTestNG.run(AbstractRemoteTestNG.java:115)
	at org.testng.remote.RemoteTestNG.initAndRun(RemoteTestNG.java:251)
	at org.testng.remote.RemoteTestNG.main(RemoteTestNG.java:77)
</pre></div></td>
<td>0</td>
<td>com.qa.appyParking.tests.TermsAndConditionsPageTest@46238e3f</td></tr>
<tr>
<td title='com.qa.appyParking.tests.TermsAndConditionsPageTest.validateTnCHeaderTest()'><b>validateTnCHeaderTest</b><br>Test class: com.qa.appyParking.tests.TermsAndConditionsPageTest</td>
<td><div><pre>java.lang.AssertionError: The following asserts failed:
	Terms &amp; Conditions body not matched expected [By registering, you agree to our Terms of Service, Data Usage and Privacy Policy.

This includes using the app safely and in accordance with the road safety laws of the country where you are driving.] but found [Check parking availability across town in the app and pay with just One Click.],
	Terms &amp; Conditions header text not matched expected [Terms &amp; Conditions] but found [Enjoy hassle-free parking in Harrogate]
	at com.qa.appyParking.tests.TermsAndConditionsPageTest.validateTnCHeaderTest(TermsAndConditionsPageTest.java:47)
... Removed 26 stack frames</pre></div><a href='#' onClick='toggleBox("stack-trace2137642385", this, "Click to show all stack frames", "Click to hide stack frames")'>Click to show all stack frames</a>
<div class='stack-trace' id='stack-trace2137642385'><pre>java.lang.AssertionError: The following asserts failed:
	Terms &amp; Conditions body not matched expected [By registering, you agree to our Terms of Service, Data Usage and Privacy Policy.

This includes using the app safely and in accordance with the road safety laws of the country where you are driving.] but found [Check parking availability across town in the app and pay with just One Click.],
	Terms &amp; Conditions header text not matched expected [Terms &amp; Conditions] but found [Enjoy hassle-free parking in Harrogate]
	at org.testng.asserts.SoftAssert.assertAll(SoftAssert.java:43)
	at com.qa.appyParking.tests.TermsAndConditionsPageTest.validateTnCHeaderTest(TermsAndConditionsPageTest.java:47)
	at sun.reflect.NativeMethodAccessorImpl.invoke0(Native Method)
	at sun.reflect.NativeMethodAccessorImpl.invoke(NativeMethodAccessorImpl.java:62)
	at sun.reflect.DelegatingMethodAccessorImpl.invoke(DelegatingMethodAccessorImpl.java:43)
	at java.lang.reflect.Method.invoke(Method.java:498)
	at org.testng.internal.MethodInvocationHelper.invokeMethod(MethodInvocationHelper.java:124)
	at org.testng.internal.Invoker.invokeMethod(Invoker.java:583)
	at org.testng.internal.Invoker.invokeTestMethod(Invoker.java:719)
	at org.testng.internal.Invoker.invokeTestMethods(Invoker.java:989)
	at org.testng.internal.TestMethodWorker.invokeTestMethods(TestMethodWorker.java:125)
	at org.testng.internal.TestMethodWorker.run(TestMethodWorker.java:109)
	at org.testng.TestRunner.privateRun(TestRunner.java:648)
	at org.testng.TestRunner.run(TestRunner.java:505)
	at org.testng.SuiteRunner.runTest(SuiteRunner.java:455)
	at org.testng.SuiteRunner.runSequentially(SuiteRunner.java:450)
	at org.testng.SuiteRunner.privateRun(SuiteRunner.java:415)
	at org.testng.SuiteRunner.run(SuiteRunner.java:364)
	at org.testng.SuiteRunnerWorker.runSuite(SuiteRunnerWorker.java:52)
	at org.testng.SuiteRunnerWorker.run(SuiteRunnerWorker.java:84)
	at org.testng.TestNG.runSuitesSequentially(TestNG.java:1208)
	at org.testng.TestNG.runSuitesLocally(TestNG.java:1137)
	at org.testng.TestNG.runSuites(TestNG.java:1049)
	at org.testng.TestNG.run(TestNG.java:1017)
	at org.testng.remote.AbstractRemoteTestNG.run(AbstractRemoteTestNG.java:115)
	at org.testng.remote.RemoteTestNG.initAndRun(RemoteTestNG.java:251)
	at org.testng.remote.RemoteTestNG.main(RemoteTestNG.java:77)
</pre></div></td>
<td>0</td>
<td>com.qa.appyParking.tests.TermsAndConditionsPageTest@46238e3f</td></tr>
</table><p>
<table width='100%' border='1' class='invocation-passed'>
<tr><td colspan='4' align='center'><b>PASSED TESTS</b></td></tr>
<tr><td><b>Test method</b></td>
<td width="30%"><b>Exception</b></td>
<td width="10%"><b>Time (seconds)</b></td>
<td><b>Instance</b></td>
</tr>
<tr>
<td title='com.qa.appyParking.tests.TermsAndConditionsPageTest.acceptTcBodyTest()'><b>acceptTcBodyTest</b><br>Test class: com.qa.appyParking.tests.TermsAndConditionsPageTest</td>
<td></td>
<td>0</td>
<td>com.qa.appyParking.tests.TermsAndConditionsPageTest@46238e3f</td></tr>
<tr>
<td title='com.qa.appyParking.tests.TermsAndConditionsPageTest.acceptTcClickTest()'><b>acceptTcClickTest</b><br>Test class: com.qa.appyParking.tests.TermsAndConditionsPageTest</td>
<td></td>
<td>1</td>
<td>com.qa.appyParking.tests.TermsAndConditionsPageTest@46238e3f</td></tr>
<tr>
<td title='com.qa.appyParking.tests.TermsAndConditionsPageTest.newsLettersBody()'><b>newsLettersBody</b><br>Test class: com.qa.appyParking.tests.TermsAndConditionsPageTest</td>
<td></td>
<td>0</td>
<td>com.qa.appyParking.tests.TermsAndConditionsPageTest@46238e3f</td></tr>
<tr>
<td title='com.qa.appyParking.tests.TermsAndConditionsPageTest.newsLettersClickTest()'><b>newsLettersClickTest</b><br>Test class: com.qa.appyParking.tests.TermsAndConditionsPageTest</td>
<td></td>
<td>0</td>
<td>com.qa.appyParking.tests.TermsAndConditionsPageTest@46238e3f</td></tr>
<tr>
<td title='com.qa.appyParking.tests.TermsAndConditionsPageTest.registerUserTest()'><b>registerUserTest</b><br>Test class: com.qa.appyParking.tests.TermsAndConditionsPageTest</td>
<td></td>
<td>3</td>
<td>com.qa.appyParking.tests.TermsAndConditionsPageTest@46238e3f</td></tr>
</table><p>
</body>
</html>