<?xml version="1.0" encoding="UTF-8"?>
<!-- Generated by org.testng.reporters.JUnitXMLReporter -->
<testsuite hostname="Sirishas-MacBook-Air.local" ignored="0" name="SearchPageTest" tests="2" failures="1" timestamp="12 Jun 2019 15:43:57 GMT" time="53.552" errors="0">
  <testcase name="searchLocationTest" time="12.003" classname="com.qa.appyParking.tests.SearchPageTest"/>
  <testcase name="searchLocationTest" time="10.635" classname="com.qa.appyParking.tests.SearchPageTest">
    <failure type="java.lang.AssertionError" message="The following asserts failed:
	 Free Parking is expected expected [12h 40m] but found [FREE PARKING]">
      <![CDATA[java.lang.AssertionError: The following asserts failed:
 Free Parking is expected expected [12h 40m] but found [FREE PARKING]
at com.qa.appyParking.tests.SearchPageTest.searchLocationTest(SearchPageTest.java:105)
... Removed 26 stack frames]]>
    </failure>
  </testcase> <!-- searchLocationTest -->
</testsuite> <!-- SearchPageTest -->
