<?xml version="1.0" encoding="UTF-8"?>
<!-- Generated by org.testng.reporters.JUnitXMLReporter -->
<testsuite hostname="Sirishas-MacBook-Air.local" ignored="0" name="E2E_Register_NoThanks_Flow" tests="3" failures="1" timestamp="11 Jun 2019 17:25:11 GMT" time="60.262" errors="0">
  <testcase name="searchLocationTest" time="10.523" classname="com.qa.appyParking.tests.HomePageTest"/>
  <testcase name="viewParkingRulesTest" time="2.466" classname="com.qa.appyParking.tests.HomePageTest">
    <failure type="java.lang.AssertionError" message="The following asserts failed:
	 Free Parking is expected expected [Free Parking] but found [FREE PARKING]">
      <![CDATA[java.lang.AssertionError: The following asserts failed:
 Free Parking is expected expected [Free Parking] but found [FREE PARKING]
at com.qa.appyParking.tests.HomePageTest.viewParkingRulesTest(HomePageTest.java:83)
... Removed 26 stack frames]]>
    </failure>
  </testcase> <!-- viewParkingRulesTest -->
  <testcase name="selectCheapCarPark" time="24.822" classname="com.qa.appyParking.tests.HomePageTest"/>
</testsuite> <!-- E2E_Register_NoThanks_Flow -->
