<?xml version="1.0" encoding="UTF-8"?>
<!-- Generated by org.testng.reporters.JUnitReportReporter -->
<testsuite skipped="0" hostname="Sirishas-MacBook-Air.local" name="com.qa.appyParking.tests.TermsAndConditionsPageTest" tests="7" failures="2" timestamp="11 Jun 2019 18:41:01 GMT" time="6.985" errors="0">
  <testcase name="newsLettersClickTest" time="0.847" classname="com.qa.appyParking.tests.TermsAndConditionsPageTest"/>
  <testcase name="validateTnCBodyTest" time="0.596" classname="com.qa.appyParking.tests.TermsAndConditionsPageTest">
    <failure type="java.lang.AssertionError" message="The following asserts failed:
	Terms &amp; Conditions body not matched expected [By registering, you agree to our Terms of Service, Data Usage and Privacy Policy.

This includes using the app safely and in accordance with the road safety laws of the country where you are driving.] but found [Check parking availability across town in the app and pay with just One Click.]">
      <![CDATA[java.lang.AssertionError: The following asserts failed:
Terms & Conditions body not matched expected [By registering, you agree to our Terms of Service, Data Usage and Privacy Policy.

This includes using the app safely and in accordance with the road safety laws of the country where you are driving.] but found [Check parking availability across town in the app and pay with just One Click.]
at org.testng.asserts.SoftAssert.assertAll(SoftAssert.java:43)
at com.qa.appyParking.tests.TermsAndConditionsPageTest.validateTnCBodyTest(TermsAndConditionsPageTest.java:56)
at sun.reflect.NativeMethodAccessorImpl.invoke0(Native Method)
at sun.reflect.NativeMethodAccessorImpl.invoke(NativeMethodAccessorImpl.java:62)
at sun.reflect.DelegatingMethodAccessorImpl.invoke(DelegatingMethodAccessorImpl.java:43)
at java.lang.reflect.Method.invoke(Method.java:498)
at org.testng.internal.MethodInvocationHelper.invokeMethod(MethodInvocationHelper.java:124)
at org.testng.internal.Invoker.invokeMethod(Invoker.java:583)
at org.testng.internal.Invoker.invokeTestMethod(Invoker.java:719)
at org.testng.internal.Invoker.invokeTestMethods(Invoker.java:989)
at org.testng.internal.TestMethodWorker.invokeTestMethods(TestMethodWorker.java:125)
at org.testng.internal.TestMethodWorker.run(TestMethodWorker.java:109)
at org.testng.TestRunner.privateRun(TestRunner.java:648)
at org.testng.TestRunner.run(TestRunner.java:505)
at org.testng.SuiteRunner.runTest(SuiteRunner.java:455)
at org.testng.SuiteRunner.runSequentially(SuiteRunner.java:450)
at org.testng.SuiteRunner.privateRun(SuiteRunner.java:415)
at org.testng.SuiteRunner.run(SuiteRunner.java:364)
at org.testng.SuiteRunnerWorker.runSuite(SuiteRunnerWorker.java:52)
at org.testng.SuiteRunnerWorker.run(SuiteRunnerWorker.java:84)
at org.testng.TestNG.runSuitesSequentially(TestNG.java:1208)
at org.testng.TestNG.runSuitesLocally(TestNG.java:1137)
at org.testng.TestNG.runSuites(TestNG.java:1049)
at org.testng.TestNG.run(TestNG.java:1017)
at org.testng.remote.AbstractRemoteTestNG.run(AbstractRemoteTestNG.java:115)
at org.testng.remote.RemoteTestNG.initAndRun(RemoteTestNG.java:251)
at org.testng.remote.RemoteTestNG.main(RemoteTestNG.java:77)
]]>
    </failure>
  </testcase> <!-- validateTnCBodyTest -->
  <testcase name="validateTnCHeaderTest" time="0.201" classname="com.qa.appyParking.tests.TermsAndConditionsPageTest">
    <failure type="java.lang.AssertionError" message="The following asserts failed:
	Terms &amp; Conditions body not matched expected [By registering, you agree to our Terms of Service, Data Usage and Privacy Policy.

This includes using the app safely and in accordance with the road safety laws of the country where you are driving.] but found [Check parking availability across town in the app and pay with just One Click.],
	Terms &amp; Conditions header text not matched expected [Terms &amp; Conditions] but found [Enjoy hassle-free parking in Harrogate]">
      <![CDATA[java.lang.AssertionError: The following asserts failed:
Terms & Conditions body not matched expected [By registering, you agree to our Terms of Service, Data Usage and Privacy Policy.

This includes using the app safely and in accordance with the road safety laws of the country where you are driving.] but found [Check parking availability across town in the app and pay with just One Click.],
Terms & Conditions header text not matched expected [Terms & Conditions] but found [Enjoy hassle-free parking in Harrogate]
at org.testng.asserts.SoftAssert.assertAll(SoftAssert.java:43)
at com.qa.appyParking.tests.TermsAndConditionsPageTest.validateTnCHeaderTest(TermsAndConditionsPageTest.java:47)
at sun.reflect.NativeMethodAccessorImpl.invoke0(Native Method)
at sun.reflect.NativeMethodAccessorImpl.invoke(NativeMethodAccessorImpl.java:62)
at sun.reflect.DelegatingMethodAccessorImpl.invoke(DelegatingMethodAccessorImpl.java:43)
at java.lang.reflect.Method.invoke(Method.java:498)
at org.testng.internal.MethodInvocationHelper.invokeMethod(MethodInvocationHelper.java:124)
at org.testng.internal.Invoker.invokeMethod(Invoker.java:583)
at org.testng.internal.Invoker.invokeTestMethod(Invoker.java:719)
at org.testng.internal.Invoker.invokeTestMethods(Invoker.java:989)
at org.testng.internal.TestMethodWorker.invokeTestMethods(TestMethodWorker.java:125)
at org.testng.internal.TestMethodWorker.run(TestMethodWorker.java:109)
at org.testng.TestRunner.privateRun(TestRunner.java:648)
at org.testng.TestRunner.run(TestRunner.java:505)
at org.testng.SuiteRunner.runTest(SuiteRunner.java:455)
at org.testng.SuiteRunner.runSequentially(SuiteRunner.java:450)
at org.testng.SuiteRunner.privateRun(SuiteRunner.java:415)
at org.testng.SuiteRunner.run(SuiteRunner.java:364)
at org.testng.SuiteRunnerWorker.runSuite(SuiteRunnerWorker.java:52)
at org.testng.SuiteRunnerWorker.run(SuiteRunnerWorker.java:84)
at org.testng.TestNG.runSuitesSequentially(TestNG.java:1208)
at org.testng.TestNG.runSuitesLocally(TestNG.java:1137)
at org.testng.TestNG.runSuites(TestNG.java:1049)
at org.testng.TestNG.run(TestNG.java:1017)
at org.testng.remote.AbstractRemoteTestNG.run(AbstractRemoteTestNG.java:115)
at org.testng.remote.RemoteTestNG.initAndRun(RemoteTestNG.java:251)
at org.testng.remote.RemoteTestNG.main(RemoteTestNG.java:77)
]]>
    </failure>
  </testcase> <!-- validateTnCHeaderTest -->
  <testcase name="registerUserTest" time="3.450" classname="com.qa.appyParking.tests.TermsAndConditionsPageTest"/>
  <testcase name="acceptTcClickTest" time="1.098" classname="com.qa.appyParking.tests.TermsAndConditionsPageTest"/>
  <testcase name="acceptTcBodyTest" time="0.596" classname="com.qa.appyParking.tests.TermsAndConditionsPageTest"/>
  <testcase name="newsLettersBody" time="0.197" classname="com.qa.appyParking.tests.TermsAndConditionsPageTest"/>
</testsuite> <!-- com.qa.appyParking.tests.TermsAndConditionsPageTest -->
